#
# There is insufficient memory for the Java Runtime Environment to continue.
# Native memory allocation (mmap) failed to map 4096000 bytes for G1 virtual space
# Possible reasons:
#   The system is out of physical RAM or swap space
#   The process is running with CompressedOops enabled, and the Java Heap may be blocking the growth of the native heap
# Possible solutions:
#   Reduce memory load on the system
#   Increase physical memory or swap space
#   Check if swap backing store is full
#   Decrease Java heap size (-Xmx/-Xms)
#   Decrease number of Java threads
#   Decrease Java thread stack sizes (-Xss)
#   Set larger code cache with -XX:ReservedCodeCacheSize=
#   JVM is running with Zero Based Compressed Oops mode in which the Java heap is
#     placed in the first 32GB address space. The Java Heap base address is the
#     maximum limit for the native heap growth. Please use -XX:HeapBaseMinAddress
#     to set the Java Heap base and to place the Java Heap above 32GB virtual address.
# This output file may be truncated or incomplete.
#
#  Out of Memory Error (os_windows.cpp:3548), pid=20268, tid=23848
#
# JRE version:  (17.0.10+11) (build )
# Java VM: Java HotSpot(TM) 64-Bit Server VM (17.0.10+11-LTS-240, mixed mode, emulated-client, sharing, tiered, compressed oops, compressed class ptrs, g1 gc, windows-amd64)
# No core dump will be written. Minidumps are not enabled by default on client versions of Windows
#

---------------  S U M M A R Y ------------

Command Line: -XX:TieredStopAtLevel=1 -Dspring.output.ansi.enabled=always -Dcom.sun.management.jmxremote -Dspring.jmx.enabled=true -Dspring.liveBeansView.mbeanDomain -Dspring.application.admin.enabled=true -Dmanagement.endpoints.jmx.exposure.include=* -javaagent:C:\Program Files\JetBrains\IntelliJ IDEA 2025.1.1.1\lib\idea_rt.jar=58960 -Dfile.encoding=UTF-8 com.kkh.shop_1.Shop1Application

Host: 13th Gen Intel(R) Core(TM) i5-1340P, 16 cores, 15G,  Windows 11 , 64 bit Build 22621 (10.0.22621.5415)
Time: Sat Jan 17 01:34:12 2026  Windows 11 , 64 bit Build 22621 (10.0.22621.5415) elapsed time: 0.022091 seconds (0d 0h 0m 0s)

---------------  T H R E A D  ---------------

Current thread (0x000001e7d24dc930):  JavaThread "Unknown thread" [_thread_in_vm, id=23848, stack(0x0000001ef4f00000,0x0000001ef5000000)]

Stack: [0x0000001ef4f00000,0x0000001ef5000000]
Native frames: (J=compiled Java code, j=interpreted, Vv=VM code, C=native code)
V  [jvm.dll+0x677a5a]
V  [jvm.dll+0x7d8b2d]
V  [jvm.dll+0x7da48e]
V  [jvm.dll+0x7daaf3]
V  [jvm.dll+0x2455ff]
V  [jvm.dll+0x6749b9]
V  [jvm.dll+0x669382]
V  [jvm.dll+0x302e96]
V  [jvm.dll+0x30a416]
V  [jvm.dll+0x359cd3]
V  [jvm.dll+0x359eef]
V  [jvm.dll+0x2d9e88]
V  [jvm.dll+0x2dadf4]
V  [jvm.dll+0x7aa551]
V  [jvm.dll+0x367911]
V  [jvm.dll+0x789639]
V  [jvm.dll+0x3eb30f]
V  [jvm.dll+0x3ecd91]
C  [jli.dll+0x5297]
C  [ucrtbase.dll+0x29333]
C  [KERNEL32.DLL+0x1259d]
C  [ntdll.dll+0x5af78]


---------------  P R O C E S S  ---------------

Threads class SMR info:
_java_thread_list=0x00007ff9c8466a18, length=0, elements={
}

Java Threads: ( => current thread )

Other Threads:
  0x000001e7d2547cd0 GCTaskThread "GC Thread#0" [stack: 0x0000001ef5000000,0x0000001ef5100000] [id=23808]
  0x000001e7d2558530 ConcurrentGCThread "G1 Main Marker" [stack: 0x0000001ef5100000,0x0000001ef5200000] [id=18608]
  0x000001e7d2559f50 ConcurrentGCThread "G1 Conc#0" [stack: 0x0000001ef5200000,0x0000001ef5300000] [id=6436]

[error occurred during error reporting (printing all threads), id 0xc0000005, EXCEPTION_ACCESS_VIOLATION (0xc0000005) at pc=0x00007ff9c7c9aae7]

VM state: not at safepoint (not fully initialized)

VM Mutex/Monitor currently owned by a thread:  ([mutex/lock_event])
[0x000001e7d24d67d0] Heap_lock - owner thread: 0x000001e7d24dc930

Heap address: 0x0000000706e00000, size: 3986 MB, Compressed Oops mode: Zero based, Oop shift amount: 3

CDS archive(s) mapped at: [0x0000000000000000-0x0000000000000000-0x0000000000000000), size 0, SharedBaseAddress: 0x0000000800000000, ArchiveRelocationMode: 1.
Narrow klass base: 0x0000000000000000, Narrow klass shift: 0, Narrow klass range: 0x0

GC Precious Log:
<Empty>

Heap:
 garbage-first heap   total 0K, used 0K [0x0000000706e00000, 0x0000000800000000)
  region size 2048K, 0 young (0K), 0 survivors (0K)

[error occurred during error reporting (printing heap information), id 0xc0000005, EXCEPTION_ACCESS_VIOLATION (0xc0000005) at pc=0x00007ff9c8081249]

GC Heap History (0 events):
No events

Deoptimization events (0 events):
No events

Classes unloaded (0 events):
No events

Classes redefined (0 events):
No events

Internal exceptions (0 events):
No events

VM Operations (0 events):
No events

Events (1 events):
Event: 0.014 Loaded shared library C:\Program Files\Java\jdk-17\bin\java.dll


Dynamic libraries:
0x00007ff79ecb0000 - 0x00007ff79ecc0000 	C:\Program Files\Java\jdk-17\bin\java.exe
0x00007ffa18490000 - 0x00007ffa186a7000 	C:\Windows\SYSTEM32\ntdll.dll
0x00007ffa16b40000 - 0x00007ffa16c04000 	C:\Windows\System32\KERNEL32.DLL
0x00007ffa15d40000 - 0x00007ffa16112000 	C:\Windows\System32\KERNELBASE.dll
0x00007ffa15b00000 - 0x00007ffa15c11000 	C:\Windows\System32\ucrtbase.dll
0x00007ff9e9a50000 - 0x00007ff9e9a69000 	C:\Program Files\Java\jdk-17\bin\jli.dll
0x00007ffa16a70000 - 0x00007ffa16b21000 	C:\Windows\System32\ADVAPI32.dll
0x00007ff9cef10000 - 0x00007ff9cef2b000 	C:\Program Files\Java\jdk-17\bin\VCRUNTIME140.dll
0x00007ffa168b0000 - 0x00007ffa16957000 	C:\Windows\System32\msvcrt.dll
0x00007ffa18240000 - 0x00007ffa182e8000 	C:\Windows\System32\sechost.dll
0x00007ffa15aa0000 - 0x00007ffa15ac8000 	C:\Windows\System32\bcrypt.dll
0x00007ffa162f0000 - 0x00007ffa16404000 	C:\Windows\System32\RPCRT4.dll
0x00007ffa17cd0000 - 0x00007ffa17e81000 	C:\Windows\System32\USER32.dll
0x00007ffa15ad0000 - 0x00007ffa15af6000 	C:\Windows\System32\win32u.dll
0x00007ffa16120000 - 0x00007ffa16149000 	C:\Windows\System32\GDI32.dll
0x00007ffa15830000 - 0x00007ffa15953000 	C:\Windows\System32\gdi32full.dll
0x00007ffa15c20000 - 0x00007ffa15cba000 	C:\Windows\System32\msvcp_win.dll
0x00007ff9fea10000 - 0x00007ff9fea1a000 	C:\Windows\SYSTEM32\VERSION.dll
0x00007ff9fd450000 - 0x00007ff9fd6eb000 	C:\Windows\WinSxS\amd64_microsoft.windows.common-controls_6595b64144ccf1df_6.0.22621.5547_none_27104afb73855772\COMCTL32.dll
0x00007ffa16870000 - 0x00007ffa168a1000 	C:\Windows\System32\IMM32.DLL
0x00007ffa0ce40000 - 0x00007ffa0ce4c000 	C:\Program Files\Java\jdk-17\bin\vcruntime140_1.dll
0x00007ff9ca4c0000 - 0x00007ff9ca54e000 	C:\Program Files\Java\jdk-17\bin\msvcp140.dll
0x00007ff9c79b0000 - 0x00007ff9c858f000 	C:\Program Files\Java\jdk-17\bin\server\jvm.dll
0x00007ffa18230000 - 0x00007ffa18238000 	C:\Windows\System32\PSAPI.DLL
0x00007ffa0f9a0000 - 0x00007ffa0f9d4000 	C:\Windows\SYSTEM32\WINMM.dll
0x00007ff9cef00000 - 0x00007ff9cef09000 	C:\Windows\SYSTEM32\WSOCK32.dll
0x00007ffa183d0000 - 0x00007ffa18441000 	C:\Windows\System32\WS2_32.dll
0x00007ffa146a0000 - 0x00007ffa146b8000 	C:\Windows\SYSTEM32\kernel.appcore.dll
0x00007ff9ceef0000 - 0x00007ff9ceefa000 	C:\Program Files\Java\jdk-17\bin\jimage.dll
0x00007ffa12790000 - 0x00007ffa129c3000 	C:\Windows\SYSTEM32\DBGHELP.DLL
0x00007ffa17e90000 - 0x00007ffa18223000 	C:\Windows\System32\combase.dll
0x00007ffa165f0000 - 0x00007ffa166c7000 	C:\Windows\System32\OLEAUT32.dll
0x00007ffa07110000 - 0x00007ffa07142000 	C:\Windows\SYSTEM32\dbgcore.DLL
0x00007ffa15cc0000 - 0x00007ffa15d3b000 	C:\Windows\System32\bcryptPrimitives.dll
0x00007ffa0cd40000 - 0x00007ffa0cd4e000 	C:\Program Files\Java\jdk-17\bin\instrument.dll
0x00007ff9ca490000 - 0x00007ff9ca4b5000 	C:\Program Files\Java\jdk-17\bin\java.dll

dbghelp: loaded successfully - version: 4.0.5 - missing functions: none
symbol engine: initialized successfully - sym options: 0x614 - pdb path: .;C:\Program Files\Java\jdk-17\bin;C:\Windows\SYSTEM32;C:\Windows\WinSxS\amd64_microsoft.windows.common-controls_6595b64144ccf1df_6.0.22621.5547_none_27104afb73855772;C:\Program Files\Java\jdk-17\bin\server

VM Arguments:
jvm_args: -XX:TieredStopAtLevel=1 -Dspring.output.ansi.enabled=always -Dcom.sun.management.jmxremote -Dspring.jmx.enabled=true -Dspring.liveBeansView.mbeanDomain -Dspring.application.admin.enabled=true -Dmanagement.endpoints.jmx.exposure.include=* -javaagent:C:\Program Files\JetBrains\IntelliJ IDEA 2025.1.1.1\lib\idea_rt.jar=58960 -Dfile.encoding=UTF-8 
java_command: com.kkh.shop_1.Shop1Application
java_class_path (initial): C:\Users\82107\Downloads\Shop1\Back-end\shop-1\shop-1\shop-1\build\classes\java\main;C:\Users\82107\Downloads\Shop1\Back-end\shop-1\shop-1\shop-1\build\resources\main;C:\Users\82107\.gradle\caches\modules-2\files-2.1\org.projectlombok\lombok\1.18.32\17d46b3e205515e1e8efd3ee4d57ce8018914163\lombok-1.18.32.jar;C:\Users\82107\.gradle\caches\modules-2\files-2.1\org.springframework.boot\spring-boot-starter-web\3.2.5\664d75553c6af42122d4db645f4924a95084e382\spring-boot-starter-web-3.2.5.jar;C:\Users\82107\.gradle\caches\modules-2\files-2.1\org.springframework.boot\spring-boot-starter-data-jpa\3.2.5\99c1272c135f1c44b0c94ed0b65dca9b201323b7\spring-boot-starter-data-jpa-3.2.5.jar;C:\Users\82107\.gradle\caches\modules-2\files-2.1\org.springframework.boot\spring-boot-starter-security\3.2.5\8ce0f176dfcf9a0b3b5d76babd971057f009961d\spring-boot-starter-security-3.2.5.jar;C:\Users\82107\.gradle\caches\modules-2\files-2.1\io.jsonwebtoken\jjwt-api\0.11.5\f742940045619d06383e7df37b21ac422b476cf1\jjwt-api-0.11.5.jar;C:\Users\82107\.gradle\caches\modules-2\files-2.1\com.amazonaws\aws-java-sdk-s3\1.12.700\d8b81e853743b77ef7730f88b0c5cb8c1f2539bd\aws-java-sdk-s3-1.12.700.jar;C:\Users\82107\.gradle\caches\modules-2\files-2.1\com.fasterxml.jackson.core\jackson-databind\2.15.4\560309fc381f77d4d15c4a4cdaa0db5025c4fd13\jackson-databind-2.15.4.jar;C:\Users\82107\.gradle\caches\modules-2\files-2.1\org.apache.tika\tika-core\2.9.1\bfd572826e7023dd6ceeefe1b4d0f6d3d8eef507\tika-core-2.9.1.jar;C:\Users\82107\.gradle\caches\modules-2\files-2.1\org.springframework.boot\spring-boot-starter-mail\3.2.5\19fbf3b0760caef5ae64d499161121b7969ba2b6\spring-boot-starter-mail-3.2.5.jar;C:\Users\82107\.gradle\caches\modules-2\files-2.1\org.springframework.boot\spring-boot-starter-json\3.2.5\6df311af4c242eb95c3526f48ab4f31c384a247e\spring-boot-starter-json-3.2.5.jar;C:\Users\82107\.gradle\caches\modules-2\files-2.1\org.springframework.boot\spring-boot-starter\3.2.5\a9837a876129cc6fe5f3a
Launcher Type: SUN_STANDARD

[Global flags]
     intx CICompilerCount                          = 12                                        {product} {ergonomic}
     uint ConcGCThreads                            = 3                                         {product} {ergonomic}
     uint G1ConcRefinementThreads                  = 13                                        {product} {ergonomic}
   size_t G1HeapRegionSize                         = 2097152                                   {product} {ergonomic}
    uintx GCDrainStackTargetSize                   = 64                                        {product} {ergonomic}
   size_t InitialHeapSize                          = 262144000                                 {product} {ergonomic}
     bool ManagementServer                         = true                                      {product} {command line}
   size_t MarkStackSize                            = 4194304                                   {product} {ergonomic}
   size_t MaxHeapSize                              = 4179623936                                {product} {ergonomic}
   size_t MinHeapDeltaBytes                        = 2097152                                   {product} {ergonomic}
   size_t MinHeapSize                              = 8388608                                   {product} {ergonomic}
    uintx NonProfiledCodeHeapSize                  = 0                                      {pd product} {ergonomic}
     bool ProfileInterpreter                       = false                                  {pd product} {command line}
    uintx ProfiledCodeHeapSize                     = 0                                      {pd product} {ergonomic}
   size_t SoftMaxHeapSize                          = 4179623936                             {manageable} {ergonomic}
     intx TieredStopAtLevel                        = 1                                         {product} {command line}
     bool UseCompressedClassPointers               = true                           {product lp64_product} {ergonomic}
     bool UseCompressedOops                        = true                           {product lp64_product} {ergonomic}
     bool UseG1GC                                  = true                                      {product} {ergonomic}
     bool UseLargePagesIndividualAllocation        = false                                  {pd product} {ergonomic}

Logging:
Log output configuration:
 #0: stdout all=warning uptime,level,tags
 #1: stderr all=off uptime,level,tags

Environment Variables:
JAVA_HOME=C:\Program Files\Java\jdk-17
PATH=C:\Python314\Scripts\;C:\Python314\;C:\Program Files\Common Files\Oracle\Java\javapath;C:\Windows\system32;C:\Windows;C:\Windows\System32\Wbem;C:\Windows\System32\WindowsPowerShell\v1.0\;C:\Windows\System32\OpenSSH\;C:\Program Files\Bandizip\;C:\ProgramData\chocolatey\bin;C:\Program Files\dotnet\;C:\Program Files (x86)\Windows Kits\10\Windows Performance Toolkit\;C:\Program Files\Git\cmd;C:\Program Files\Git LFS;C:\Program Files\Java\jdk-17\bin;;C:\Program Files\Redis\;C:\Program Files (x86)\PuTTY\;C:\Program Files\nodejs\;C:\Program Files\Docker\Docker\resources\bin;C:\Users\82107\AppData\Local\Programs\Python\Python39\Scripts\;C:\Users\82107\AppData\Local\Programs\Python\Python39\;C:\Users\82107\AppData\Local\Microsoft\WindowsApps;C:\Users\82107\AppData\Local\afreeca;C:\Users\82107\AppData\Local\Programs\Microsoft VS Code\bin;C:\Users\82107\.dotnet\tools;C:\Program Files\JetBrains\IntelliJ IDEA Community Edition 2023.3.3\bin;C:\Program Files\JetBrains\IntelliJ IDEA 2025.1.1.1\bin;;C:\Users\82107\AppData\Local\Programs\Python\Python312\Scripts;C:\Users\82107\AppData\Local\Programs\Python\Python312;C:\Users\82107\AppData\Roaming\npm
USERNAME=82107
OS=Windows_NT
PROCESSOR_IDENTIFIER=Intel64 Family 6 Model 186 Stepping 2, GenuineIntel



---------------  S Y S T E M  ---------------

OS:
 Windows 11 , 64 bit Build 22621 (10.0.22621.5415)
OS uptime: 0 days 4:11 hours
Hyper-V role detected

CPU: total 16 (initial active 16) (8 cores per cpu, 2 threads per core) family 6 model 186 stepping 2 microcode 0x410e, cx8, cmov, fxsr, ht, mmx, 3dnowpref, sse, sse2, sse3, ssse3, sse4.1, sse4.2, popcnt, lzcnt, tsc, tscinvbit, avx, avx2, aes, erms, clmul, bmi1, bmi2, adx, sha, fma, vzeroupper, clflush, clflushopt, clwb, hv

Memory: 4k page, system-wide physical 15943M (408M free)
TotalPageFile size 22279M (AvailPageFile size 8M)
current process WorkingSet (physical memory assigned to process): 12M, peak: 12M
current process commit charge ("private bytes"): 316M, peak: 320M

vm_info: Java HotSpot(TM) 64-Bit Server VM (17.0.10+11-LTS-240) for windows-amd64 JRE (17.0.10+11-LTS-240), built on Dec 19 2023 21:47:25 by "mach5one" with MS VC++ 17.1 (VS2022)

END.
