#
# There is insufficient memory for the Java Runtime Environment to continue.
# Native memory allocation (mmap) failed to map 65536 bytes for Failed to commit metaspace.
# Possible reasons:
#   The system is out of physical RAM or swap space
#   The process is running with CompressedOops enabled, and the Java Heap may be blocking the growth of the native heap
# Possible solutions:
#   Reduce memory load on the system
#   Increase physical memory or swap space
#   Check if swap backing store is full
#   Decrease Java heap size (-Xmx/-Xms)
#   Decrease number of Java threads
#   Decrease Java thread stack sizes (-Xss)
#   Set larger code cache with -XX:ReservedCodeCacheSize=
#   JVM is running with Zero Based Compressed Oops mode in which the Java heap is
#     placed in the first 32GB address space. The Java Heap base address is the
#     maximum limit for the native heap growth. Please use -XX:HeapBaseMinAddress
#     to set the Java Heap base and to place the Java Heap above 32GB virtual address.
# This output file may be truncated or incomplete.
#
#  Out of Memory Error (virtualSpaceNode.cpp:110), pid=9420, tid=9096
#
# JRE version: Java(TM) SE Runtime Environment (17.0.10+11) (build 17.0.10+11-LTS-240)
# Java VM: Java HotSpot(TM) 64-Bit Server VM (17.0.10+11-LTS-240, mixed mode, emulated-client, sharing, tiered, compressed oops, compressed class ptrs, g1 gc, windows-amd64)
# No core dump will be written. Minidumps are not enabled by default on client versions of Windows
#

---------------  S U M M A R Y ------------

Command Line: -XX:TieredStopAtLevel=1 -Dspring.output.ansi.enabled=always -Dcom.sun.management.jmxremote -Dspring.jmx.enabled=true -Dspring.liveBeansView.mbeanDomain -Dspring.application.admin.enabled=true -Dmanagement.endpoints.jmx.exposure.include=* -javaagent:C:\Program Files\JetBrains\IntelliJ IDEA 2025.1.1.1\lib\idea_rt.jar=55700 -Dfile.encoding=UTF-8 com.kkh.shop_1.Shop1Application

Host: 13th Gen Intel(R) Core(TM) i5-1340P, 16 cores, 15G,  Windows 11 , 64 bit Build 22621 (10.0.22621.5415)
Time: Sat Jan 17 01:32:45 2026  Windows 11 , 64 bit Build 22621 (10.0.22621.5415) elapsed time: 8.513420 seconds (0d 0h 0m 8s)

---------------  T H R E A D  ---------------

Current thread (0x00000176a71fdb10):  JavaThread "main" [_thread_in_vm, id=9096, stack(0x0000003edf300000,0x0000003edf400000)]

Stack: [0x0000003edf300000,0x0000003edf400000]
Native frames: (J=compiled Java code, j=interpreted, Vv=VM code, C=native code)
V  [jvm.dll+0x677a5a]
V  [jvm.dll+0x7d8b2d]
V  [jvm.dll+0x7da48e]
V  [jvm.dll+0x7daaf3]
V  [jvm.dll+0x2455ff]
V  [jvm.dll+0x7d483b]
V  [jvm.dll+0x61dc06]
V  [jvm.dll+0x1bfa87]
V  [jvm.dll+0x620570]
V  [jvm.dll+0x61e5c6]
V  [jvm.dll+0x239c1f]
V  [jvm.dll+0x628365]
V  [jvm.dll+0x1e92ed]
V  [jvm.dll+0x1e98b5]
V  [jvm.dll+0x1ea1fb]
V  [jvm.dll+0x1dfa01]
V  [jvm.dll+0x53d58c]
V  [jvm.dll+0x753438]
V  [jvm.dll+0x753524]
V  [jvm.dll+0x40babf]
V  [jvm.dll+0x411a89]
C  [java.dll+0x17ec]

Java frames: (J=compiled Java code, j=interpreted, Vv=VM code)
J 1205  java.lang.ClassLoader.defineClass1(Ljava/lang/ClassLoader;Ljava/lang/String;[BIILjava/security/ProtectionDomain;Ljava/lang/String;)Ljava/lang/Class; java.base@17.0.10 (0 bytes) @ 0x00000176aed540e3 [0x00000176aed54020+0x00000000000000c3]
J 1233 c1 java.lang.ClassLoader.defineClass(Ljava/lang/String;[BIILjava/security/ProtectionDomain;)Ljava/lang/Class; java.base@17.0.10 (43 bytes) @ 0x00000176aed62c6c [0x00000176aed62b60+0x000000000000010c]
J 1234 c1 jdk.internal.loader.BuiltinClassLoader.defineClass(Ljava/lang/String;Ljdk/internal/loader/Resource;)Ljava/lang/Class; java.base@17.0.10 (121 bytes) @ 0x00000176aed636f4 [0x00000176aed63220+0x00000000000004d4]
J 1230 c1 jdk.internal.loader.BuiltinClassLoader.findClassOnClassPathOrNull(Ljava/lang/String;)Ljava/lang/Class; java.base@17.0.10 (64 bytes) @ 0x00000176aed61344 [0x00000176aed61080+0x00000000000002c4]
J 981 c1 jdk.internal.loader.BuiltinClassLoader.loadClassOrNull(Ljava/lang/String;Z)Ljava/lang/Class; java.base@17.0.10 (143 bytes) @ 0x00000176aecf8c84 [0x00000176aecf8800+0x0000000000000484]
J 1152 c1 jdk.internal.loader.ClassLoaders$AppClassLoader.loadClass(Ljava/lang/String;Z)Ljava/lang/Class; java.base@17.0.10 (40 bytes) @ 0x00000176aed4072c [0x00000176aed405e0+0x000000000000014c]
J 1137 c1 java.lang.ClassLoader.loadClass(Ljava/lang/String;)Ljava/lang/Class; java.base@17.0.10 (7 bytes) @ 0x00000176aed3ca64 [0x00000176aed3ca20+0x0000000000000044]
v  ~StubRoutines::call_stub
j  org.springframework.web.servlet.mvc.method.annotation.RequestMappingHandlerAdapter.getDefaultArgumentResolvers()Ljava/util/List;+177
j  org.springframework.web.servlet.mvc.method.annotation.RequestMappingHandlerAdapter.afterPropertiesSet()V+16
J 7056 c1 org.springframework.beans.factory.support.AbstractAutowireCapableBeanFactory.invokeInitMethods(Ljava/lang/String;Ljava/lang/Object;Lorg/springframework/beans/factory/support/RootBeanDefinition;)V (161 bytes) @ 0x00000176af732074 [0x00000176af731de0+0x0000000000000294]
J 7054 c1 org.springframework.beans.factory.support.AbstractAutowireCapableBeanFactory.initializeBean(Ljava/lang/String;Ljava/lang/Object;Lorg/springframework/beans/factory/support/RootBeanDefinition;)Ljava/lang/Object; (93 bytes) @ 0x00000176af73164c [0x00000176af731580+0x00000000000000cc]
j  org.springframework.beans.factory.support.AbstractAutowireCapableBeanFactory.doCreateBean(Ljava/lang/String;Lorg/springframework/beans/factory/support/RootBeanDefinition;[Ljava/lang/Object;)Ljava/lang/Object;+228
j  org.springframework.beans.factory.support.AbstractAutowireCapableBeanFactory.createBean(Ljava/lang/String;Lorg/springframework/beans/factory/support/RootBeanDefinition;[Ljava/lang/Object;)Ljava/lang/Object;+153
j  org.springframework.beans.factory.support.AbstractBeanFactory.lambda$doGetBean$0(Ljava/lang/String;Lorg/springframework/beans/factory/support/RootBeanDefinition;[Ljava/lang/Object;)Ljava/lang/Object;+4
j  org.springframework.beans.factory.support.AbstractBeanFactory$$Lambda$351+0x00000176c021ae30.getObject()Ljava/lang/Object;+16
j  org.springframework.beans.factory.support.DefaultSingletonBeanRegistry.getSingleton(Ljava/lang/String;Lorg/springframework/beans/factory/ObjectFactory;)Ljava/lang/Object;+114
J 2818 c1 org.springframework.beans.factory.support.AbstractBeanFactory.doGetBean(Ljava/lang/String;Ljava/lang/Class;[Ljava/lang/Object;Z)Ljava/lang/Object; (740 bytes) @ 0x00000176aefea284 [0x00000176aefe9c80+0x0000000000000604]
J 6878 c1 org.springframework.beans.factory.support.AbstractBeanFactory.getBean(Ljava/lang/String;)Ljava/lang/Object; (9 bytes) @ 0x00000176af6ed0ec [0x00000176af6ed0a0+0x000000000000004c]
j  org.springframework.beans.factory.support.DefaultListableBeanFactory.preInstantiateSingletons()V+152
j  org.springframework.context.support.AbstractApplicationContext.finishBeanFactoryInitialization(Lorg/springframework/beans/factory/config/ConfigurableListableBeanFactory;)V+130
j  org.springframework.context.support.AbstractApplicationContext.refresh()V+94
j  org.springframework.boot.web.servlet.context.ServletWebServerApplicationContext.refresh()V+1
j  org.springframework.boot.SpringApplication.refresh(Lorg/springframework/context/ConfigurableApplicationContext;)V+1
j  org.springframework.boot.SpringApplication.refreshContext(Lorg/springframework/context/ConfigurableApplicationContext;)V+16
j  org.springframework.boot.SpringApplication.run([Ljava/lang/String;)Lorg/springframework/context/ConfigurableApplicationContext;+110
j  org.springframework.boot.SpringApplication.run([Ljava/lang/Class;[Ljava/lang/String;)Lorg/springframework/context/ConfigurableApplicationContext;+9
j  org.springframework.boot.SpringApplication.run(Ljava/lang/Class;[Ljava/lang/String;)Lorg/springframework/context/ConfigurableApplicationContext;+9
j  com.kkh.shop_1.Shop1Application.main([Ljava/lang/String;)V+3
v  ~StubRoutines::call_stub

---------------  P R O C E S S  ---------------

Threads class SMR info:
_java_thread_list=0x00000177062b9360, length=25, elements={
0x00000176a71fdb10, 0x00000176be5952f0, 0x00000176be597180, 0x00000176be5afca0,
0x00000176be5b0860, 0x00000176be5b5430, 0x00000176be5b7e00, 0x00000176be5c0880,
0x00000176be5c21a0, 0x00000176be62af90, 0x0000017704179bc0, 0x000001770417b2e0,
0x00000177042be1a0, 0x000001770439d470, 0x00000177045a4870, 0x00000177045ffd10,
0x0000017704844600, 0x0000017704846460, 0x0000017704843be0, 0x00000177048440f0,
0x00000177048431c0, 0x0000017704845020, 0x0000017705c81f10, 0x00000177063125e0,
0x0000017705c80fe0
}

Java Threads: ( => current thread )
=>0x00000176a71fdb10 JavaThread "main" [_thread_in_vm, id=9096, stack(0x0000003edf300000,0x0000003edf400000)]
  0x00000176be5952f0 JavaThread "Reference Handler" daemon [_thread_blocked, id=12188, stack(0x0000003edfa00000,0x0000003edfb00000)]
  0x00000176be597180 JavaThread "Finalizer" daemon [_thread_blocked, id=2372, stack(0x0000003edfb00000,0x0000003edfc00000)]
  0x00000176be5afca0 JavaThread "Signal Dispatcher" daemon [_thread_blocked, id=19848, stack(0x0000003edfc00000,0x0000003edfd00000)]
  0x00000176be5b0860 JavaThread "Attach Listener" daemon [_thread_blocked, id=12712, stack(0x0000003edfd00000,0x0000003edfe00000)]
  0x00000176be5b5430 JavaThread "Service Thread" daemon [_thread_blocked, id=22696, stack(0x0000003edfe00000,0x0000003edff00000)]
  0x00000176be5b7e00 JavaThread "Monitor Deflation Thread" daemon [_thread_blocked, id=23404, stack(0x0000003edff00000,0x0000003ee0000000)]
  0x00000176be5c0880 JavaThread "C1 CompilerThread0" daemon [_thread_blocked, id=8304, stack(0x0000003ee0000000,0x0000003ee0100000)]
  0x00000176be5c21a0 JavaThread "Sweeper thread" daemon [_thread_blocked, id=16328, stack(0x0000003ee0100000,0x0000003ee0200000)]
  0x00000176be62af90 JavaThread "Common-Cleaner" daemon [_thread_blocked, id=3064, stack(0x0000003ee0200000,0x0000003ee0300000)]
  0x0000017704179bc0 JavaThread "Monitor Ctrl-Break" daemon [_thread_in_native, id=20132, stack(0x0000003ee0300000,0x0000003ee0400000)]
  0x000001770417b2e0 JavaThread "Notification Thread" daemon [_thread_blocked, id=16236, stack(0x0000003ee0400000,0x0000003ee0500000)]
  0x00000177042be1a0 JavaThread "RMI TCP Accept-0" daemon [_thread_in_native, id=16248, stack(0x0000003ee0500000,0x0000003ee0600000)]
  0x000001770439d470 JavaThread "RMI TCP Connection(1)-192.168.0.69" daemon [_thread_in_native, id=21156, stack(0x0000003ee0700000,0x0000003ee0800000)]
  0x00000177045a4870 JavaThread "RMI Scheduler(0)" daemon [_thread_blocked, id=14348, stack(0x0000003ee0800000,0x0000003ee0900000)]
  0x00000177045ffd10 JavaThread "JMX server connection timeout 28" daemon [_thread_blocked, id=20972, stack(0x0000003ee0900000,0x0000003ee0a00000)]
  0x0000017704844600 JavaThread "RMI TCP Connection(2)-192.168.0.69" daemon [_thread_in_native, id=7584, stack(0x0000003ee1600000,0x0000003ee1700000)]
  0x0000017704846460 JavaThread "Catalina-utility-1" [_thread_blocked, id=9676, stack(0x0000003ee1900000,0x0000003ee1a00000)]
  0x0000017704843be0 JavaThread "Catalina-utility-2" [_thread_blocked, id=4796, stack(0x0000003ee1a00000,0x0000003ee1b00000)]
  0x00000177048440f0 JavaThread "container-0" [_thread_blocked, id=12452, stack(0x0000003ee1b00000,0x0000003ee1c00000)]
  0x00000177048431c0 JavaThread "mysql-cj-abandoned-connection-cleanup" daemon [_thread_blocked, id=19728, stack(0x0000003ee1c00000,0x0000003ee1d00000)]
  0x0000017704845020 JavaThread "HikariPool-1 housekeeper" daemon [_thread_blocked, id=2516, stack(0x0000003ee1e00000,0x0000003ee1f00000)]
  0x0000017705c81f10 JavaThread "HikariPool-1 connection adder" daemon [_thread_blocked, id=11676, stack(0x0000003ee1f00000,0x0000003ee2000000)]
  0x00000177063125e0 JavaThread "C1 CompilerThread1" daemon [_thread_blocked, id=13420, stack(0x0000003ee2000000,0x0000003ee2100000)]
  0x0000017705c80fe0 JavaThread "java-sdk-http-connection-reaper" daemon [_thread_blocked, id=11972, stack(0x0000003ee2100000,0x0000003ee2200000)]

Other Threads:
  0x00000176be47e5b0 VMThread "VM Thread" [stack: 0x0000003edf900000,0x0000003edfa00000] [id=23500]
  0x00000176a7295460 WatcherThread [stack: 0x0000003ee0600000,0x0000003ee0700000] [id=12384]
  0x00000176a7268eb0 GCTaskThread "GC Thread#0" [stack: 0x0000003edf400000,0x0000003edf500000] [id=15232]
  0x00000177046750d0 GCTaskThread "GC Thread#1" [stack: 0x0000003ee0a00000,0x0000003ee0b00000] [id=9128]
  0x000001770461ba70 GCTaskThread "GC Thread#2" [stack: 0x0000003ee0b00000,0x0000003ee0c00000] [id=14416]
  0x0000017704686270 GCTaskThread "GC Thread#3" [stack: 0x0000003ee0c00000,0x0000003ee0d00000] [id=22700]
  0x0000017704676e00 GCTaskThread "GC Thread#4" [stack: 0x0000003ee0d00000,0x0000003ee0e00000] [id=1856]
  0x0000017704677bc0 GCTaskThread "GC Thread#5" [stack: 0x0000003ee0e00000,0x0000003ee0f00000] [id=11032]
  0x0000017704677900 GCTaskThread "GC Thread#6" [stack: 0x0000003ee0f00000,0x0000003ee1000000] [id=22020]
  0x0000017704678400 GCTaskThread "GC Thread#7" [stack: 0x0000003ee1000000,0x0000003ee1100000] [id=22552]
  0x0000017704676880 GCTaskThread "GC Thread#8" [stack: 0x0000003ee1100000,0x0000003ee1200000] [id=13180]
  0x0000017704676b40 GCTaskThread "GC Thread#9" [stack: 0x0000003ee1200000,0x0000003ee1300000] [id=1332]
  0x0000017704677380 GCTaskThread "GC Thread#10" [stack: 0x0000003ee1400000,0x0000003ee1500000] [id=20408]
  0x0000017704677640 GCTaskThread "GC Thread#11" [stack: 0x0000003ee1500000,0x0000003ee1600000] [id=1368]
  0x0000017704677e80 GCTaskThread "GC Thread#12" [stack: 0x0000003ee1300000,0x0000003ee1400000] [id=3076]
  0x00000176a7279710 ConcurrentGCThread "G1 Main Marker" [stack: 0x0000003edf500000,0x0000003edf600000] [id=11868]
  0x00000176a727b130 ConcurrentGCThread "G1 Conc#0" [stack: 0x0000003edf600000,0x0000003edf700000] [id=8868]
  0x0000017704fb1f70 ConcurrentGCThread "G1 Conc#1" [stack: 0x0000003ee1700000,0x0000003ee1800000] [id=18896]
  0x0000017704fb4070 ConcurrentGCThread "G1 Conc#2" [stack: 0x0000003ee1800000,0x0000003ee1900000] [id=19444]
  0x00000176be338670 ConcurrentGCThread "G1 Refine#0" [stack: 0x0000003edf700000,0x0000003edf800000] [id=7988]
  0x000001770630b7e0 ConcurrentGCThread "G1 Refine#1" [stack: 0x0000003ee2200000,0x0000003ee2300000] [id=6416]
  0x0000017706309d70 ConcurrentGCThread "G1 Refine#2" [stack: 0x0000003ee2300000,0x0000003ee2400000] [id=1468]
  0x00000176be339fd0 ConcurrentGCThread "G1 Service" [stack: 0x0000003edf800000,0x0000003edf900000] [id=20440]

Threads with active compile tasks:

VM state: not at safepoint (normal execution)

VM Mutex/Monitor currently owned by a thread:  ([mutex/lock_event])
[0x00000176a71ec6c0] Metaspace_lock - owner thread: 0x00000176a71fdb10

Heap address: 0x0000000706e00000, size: 3986 MB, Compressed Oops mode: Zero based, Oop shift amount: 3

CDS archive(s) mapped at: [0x00000176bf000000-0x00000176bfbd0000-0x00000176bfbd0000), size 12386304, SharedBaseAddress: 0x00000176bf000000, ArchiveRelocationMode: 1.
Compressed class space mapped at: 0x00000176c0000000-0x0000017700000000, reserved size: 1073741824
Narrow klass base: 0x00000176bf000000, Narrow klass shift: 0, Narrow klass range: 0x100000000

GC Precious Log:
 CPUs: 16 total, 16 available
 Memory: 15943M
 Large Page Support: Disabled
 NUMA Support: Disabled
 Compressed Oops: Enabled (Zero based)
 Heap Region Size: 2M
 Heap Min Capacity: 8M
 Heap Initial Capacity: 250M
 Heap Max Capacity: 3986M
 Pre-touch: Disabled
 Parallel Workers: 13
 Concurrent Workers: 3
 Concurrent Refinement Workers: 13
 Periodic GC: Disabled

Heap:
 garbage-first heap   total 116736K, used 70275K [0x0000000706e00000, 0x0000000800000000)
  region size 2048K, 18 young (36864K), 1 survivors (2048K)
 Metaspace       used 71857K, committed 72448K, reserved 1114112K
  class space    used 10496K, committed 10816K, reserved 1048576K

Heap Regions: E=young(eden), S=young(survivor), O=old, HS=humongous(starts), HC=humongous(continues), CS=collection set, F=free, OA=open archive, CA=closed archive, TAMS=top-at-mark-start (previous, next)
|   0|0x0000000706e00000, 0x0000000707000000, 0x0000000707000000|100%| O|  |TAMS 0x0000000707000000, 0x0000000706e00000| Untracked 
|   1|0x0000000707000000, 0x0000000707200000, 0x0000000707200000|100%| O|  |TAMS 0x0000000707200000, 0x0000000707000000| Untracked 
|   2|0x0000000707200000, 0x0000000707400000, 0x0000000707400000|100%| O|  |TAMS 0x0000000707400000, 0x0000000707200000| Untracked 
|   3|0x0000000707400000, 0x0000000707600000, 0x0000000707600000|100%| O|  |TAMS 0x0000000707600000, 0x0000000707400000| Untracked 
|   4|0x0000000707600000, 0x0000000707800000, 0x0000000707800000|100%| O|  |TAMS 0x0000000707800000, 0x0000000707600000| Untracked 
|   5|0x0000000707800000, 0x0000000707a00000, 0x0000000707a00000|100%| O|  |TAMS 0x0000000707a00000, 0x0000000707800000| Untracked 
|   6|0x0000000707a00000, 0x0000000707c00000, 0x0000000707c00000|100%| O|  |TAMS 0x0000000707c00000, 0x0000000707a00000| Untracked 
|   7|0x0000000707c00000, 0x0000000707e00000, 0x0000000707e00000|100%| O|  |TAMS 0x0000000707e00000, 0x0000000707c00000| Untracked 
|   8|0x0000000707e00000, 0x0000000708000000, 0x0000000708000000|100%| O|  |TAMS 0x0000000708000000, 0x0000000707e00000| Untracked 
|   9|0x0000000708000000, 0x0000000708200000, 0x0000000708200000|100%| O|  |TAMS 0x0000000708000000, 0x0000000708000000| Untracked 
|  10|0x0000000708200000, 0x0000000708400000, 0x0000000708400000|100%| O|  |TAMS 0x0000000708400000, 0x0000000708200000| Untracked 
|  11|0x0000000708400000, 0x0000000708600000, 0x0000000708600000|100%| O|  |TAMS 0x0000000708600000, 0x0000000708400000| Untracked 
|  12|0x0000000708600000, 0x0000000708600000, 0x0000000708800000|  0%| F|  |TAMS 0x0000000708600000, 0x0000000708600000| Untracked 
|  13|0x0000000708800000, 0x0000000708a00000, 0x0000000708a00000|100%| O|  |TAMS 0x0000000708800000, 0x0000000708800000| Untracked 
|  14|0x0000000708a00000, 0x0000000708c00000, 0x0000000708c00000|100%| O|  |TAMS 0x0000000708a00000, 0x0000000708a00000| Untracked 
|  15|0x0000000708c00000, 0x0000000708e00000, 0x0000000708e00000|100%| O|  |TAMS 0x0000000708c00000, 0x0000000708c00000| Untracked 
|  16|0x0000000708e00000, 0x0000000709000000, 0x0000000709000000|100%| O|  |TAMS 0x0000000708e00000, 0x0000000708e00000| Untracked 
|  17|0x0000000709000000, 0x0000000709200000, 0x0000000709200000|100%| O|  |TAMS 0x0000000709000000, 0x0000000709000000| Untracked 
|  18|0x0000000709200000, 0x0000000709200000, 0x0000000709400000|  0%| F|  |TAMS 0x0000000709200000, 0x0000000709200000| Untracked 
|  19|0x0000000709400000, 0x0000000709400000, 0x0000000709600000|  0%| F|  |TAMS 0x0000000709400000, 0x0000000709400000| Untracked 
|  20|0x0000000709600000, 0x0000000709600000, 0x0000000709800000|  0%| F|  |TAMS 0x0000000709600000, 0x0000000709600000| Untracked 
|  21|0x0000000709800000, 0x0000000709800000, 0x0000000709a00000|  0%| F|  |TAMS 0x0000000709800000, 0x0000000709800000| Untracked 
|  22|0x0000000709a00000, 0x0000000709a00000, 0x0000000709c00000|  0%| F|  |TAMS 0x0000000709a00000, 0x0000000709a00000| Untracked 
|  23|0x0000000709c00000, 0x0000000709cecc00, 0x0000000709e00000| 46%| O|  |TAMS 0x0000000709c00000, 0x0000000709c00000| Untracked 
|  24|0x0000000709e00000, 0x0000000709e00000, 0x000000070a000000|  0%| F|  |TAMS 0x0000000709e00000, 0x0000000709e00000| Untracked 
|  25|0x000000070a000000, 0x000000070a000000, 0x000000070a200000|  0%| F|  |TAMS 0x000000070a000000, 0x000000070a000000| Untracked 
|  26|0x000000070a200000, 0x000000070a200000, 0x000000070a400000|  0%| F|  |TAMS 0x000000070a200000, 0x000000070a200000| Untracked 
|  27|0x000000070a400000, 0x000000070a400000, 0x000000070a600000|  0%| F|  |TAMS 0x000000070a400000, 0x000000070a400000| Untracked 
|  28|0x000000070a600000, 0x000000070a600000, 0x000000070a800000|  0%| F|  |TAMS 0x000000070a600000, 0x000000070a600000| Untracked 
|  29|0x000000070a800000, 0x000000070a800000, 0x000000070aa00000|  0%| F|  |TAMS 0x000000070a800000, 0x000000070a800000| Untracked 
|  30|0x000000070aa00000, 0x000000070aa00000, 0x000000070ac00000|  0%| F|  |TAMS 0x000000070aa00000, 0x000000070aa00000| Untracked 
|  31|0x000000070ac00000, 0x000000070ac00000, 0x000000070ae00000|  0%| F|  |TAMS 0x000000070ac00000, 0x000000070ac00000| Untracked 
|  32|0x000000070ae00000, 0x000000070ae00000, 0x000000070b000000|  0%| F|  |TAMS 0x000000070ae00000, 0x000000070ae00000| Untracked 
|  33|0x000000070b000000, 0x000000070b000000, 0x000000070b200000|  0%| F|  |TAMS 0x000000070b000000, 0x000000070b000000| Untracked 
|  34|0x000000070b200000, 0x000000070b200000, 0x000000070b400000|  0%| F|  |TAMS 0x000000070b200000, 0x000000070b200000| Untracked 
|  35|0x000000070b400000, 0x000000070b400000, 0x000000070b600000|  0%| F|  |TAMS 0x000000070b400000, 0x000000070b400000| Untracked 
|  36|0x000000070b600000, 0x000000070b600000, 0x000000070b800000|  0%| F|  |TAMS 0x000000070b600000, 0x000000070b600000| Untracked 
|  37|0x000000070b800000, 0x000000070b800000, 0x000000070ba00000|  0%| F|  |TAMS 0x000000070b800000, 0x000000070b800000| Untracked 
|  38|0x000000070ba00000, 0x000000070ba00000, 0x000000070bc00000|  0%| F|  |TAMS 0x000000070ba00000, 0x000000070ba00000| Untracked 
|  39|0x000000070bc00000, 0x000000070bdee710, 0x000000070be00000| 96%| E|  |TAMS 0x000000070bc00000, 0x000000070bc00000| Complete 
|  40|0x000000070be00000, 0x000000070c000000, 0x000000070c000000|100%| E|CS|TAMS 0x000000070be00000, 0x000000070be00000| Complete 
|  41|0x000000070c000000, 0x000000070c200000, 0x000000070c200000|100%| E|CS|TAMS 0x000000070c000000, 0x000000070c000000| Complete 
|  42|0x000000070c200000, 0x000000070c400000, 0x000000070c400000|100%| E|CS|TAMS 0x000000070c200000, 0x000000070c200000| Complete 
|  43|0x000000070c400000, 0x000000070c600000, 0x000000070c600000|100%| E|CS|TAMS 0x000000070c400000, 0x000000070c400000| Complete 
|  44|0x000000070c600000, 0x000000070c800000, 0x000000070c800000|100%| E|CS|TAMS 0x000000070c600000, 0x000000070c600000| Complete 
|  45|0x000000070c800000, 0x000000070ca00000, 0x000000070ca00000|100%| E|CS|TAMS 0x000000070c800000, 0x000000070c800000| Complete 
|  46|0x000000070ca00000, 0x000000070cc00000, 0x000000070cc00000|100%| E|CS|TAMS 0x000000070ca00000, 0x000000070ca00000| Complete 
|  47|0x000000070cc00000, 0x000000070ce00000, 0x000000070ce00000|100%| E|CS|TAMS 0x000000070cc00000, 0x000000070cc00000| Complete 
|  48|0x000000070ce00000, 0x000000070d000000, 0x000000070d000000|100%| E|CS|TAMS 0x000000070ce00000, 0x000000070ce00000| Complete 
|  49|0x000000070d000000, 0x000000070d200000, 0x000000070d200000|100%| E|CS|TAMS 0x000000070d000000, 0x000000070d000000| Complete 
|  50|0x000000070d200000, 0x000000070d400000, 0x000000070d400000|100%| E|CS|TAMS 0x000000070d200000, 0x000000070d200000| Complete 
|  51|0x000000070d400000, 0x000000070d600000, 0x000000070d600000|100%| E|CS|TAMS 0x000000070d400000, 0x000000070d400000| Complete 
|  52|0x000000070d600000, 0x000000070d800000, 0x000000070d800000|100%| E|CS|TAMS 0x000000070d600000, 0x000000070d600000| Complete 
|  53|0x000000070d800000, 0x000000070da00000, 0x000000070da00000|100%| E|CS|TAMS 0x000000070d800000, 0x000000070d800000| Complete 
|  54|0x000000070da00000, 0x000000070dc00000, 0x000000070dc00000|100%| E|CS|TAMS 0x000000070da00000, 0x000000070da00000| Complete 
|  55|0x000000070dc00000, 0x000000070ddb4080, 0x000000070de00000| 85%| S|CS|TAMS 0x000000070dc00000, 0x000000070dc00000| Complete 
| 124|0x0000000716600000, 0x0000000716800000, 0x0000000716800000|100%| E|CS|TAMS 0x0000000716600000, 0x0000000716600000| Complete 

Card table byte_map: [0x00000176b28c0000,0x00000176b3090000] _byte_map_base: 0x00000176af089000

Marking Bits (Prev, Next): (CMBitMap*) 0x00000176a7269510, (CMBitMap*) 0x00000176a72694d0
 Prev Bits: [0x00000176b76b0000, 0x00000176bb4f8000)
 Next Bits: [0x00000176b3860000, 0x00000176b76a8000)

Polling page: 0x00000176a5190000

Metaspace:

Usage:
  Non-class:     59.92 MB used.
      Class:     10.25 MB used.
       Both:     70.17 MB used.

Virtual space:
  Non-class space:       64.00 MB reserved,      60.19 MB ( 94%) committed,  1 nodes.
      Class space:        1.00 GB reserved,      10.56 MB (  1%) committed,  1 nodes.
             Both:        1.06 GB reserved,      70.75 MB (  7%) committed. 

Chunk freelists:
   Non-Class:  3.61 MB
       Class:  5.48 MB
        Both:  9.09 MB

MaxMetaspaceSize: unlimited
CompressedClassSpaceSize: 1.00 GB
Initial GC threshold: 21.00 MB
Current GC threshold: 97.94 MB
CDS: on
MetaspaceReclaimPolicy: balanced
 - commit_granule_bytes: 65536.
 - commit_granule_words: 8192.
 - virtual_space_node_default_size: 8388608.
 - enlarge_chunks_in_place: 1.
 - new_chunks_are_fully_committed: 0.
 - uncommit_free_chunks: 1.
 - use_allocation_guard: 0.
 - handle_deallocations: 1.


Internal statistics:

num_allocs_failed_limit: 9.
num_arena_births: 894.
num_arena_deaths: 0.
num_vsnodes_births: 2.
num_vsnodes_deaths: 0.
num_space_committed: 1132.
num_space_uncommitted: 0.
num_chunks_returned_to_freelist: 9.
num_chunks_taken_from_freelist: 3559.
num_chunk_merges: 9.
num_chunk_splits: 2549.
num_chunks_enlarged: 1954.
num_inconsistent_stats: 0.

CodeCache: size=49152Kb used=12942Kb max_used=12942Kb free=36210Kb
 bounds [0x00000176aea90000, 0x00000176af740000, 0x00000176b1a90000]
 total_blobs=7734 nmethods=7058 adapters=601
 compilation: enabled
              stopped_count=0, restarted_count=0
 full_count=0

Compilation events (20 events):
Event: 8.457 Thread 0x00000176be5c0880 7049       1       org.springframework.aop.framework.autoproxy.AbstractAutoProxyCreator::postProcessAfterInitialization (38 bytes)
Event: 8.457 Thread 0x00000177063125e0 7050       1       org.springframework.aop.framework.autoproxy.AbstractAutoProxyCreator::wrapIfNecessary (172 bytes)
Event: 8.458 Thread 0x00000177063125e0 nmethod 7050 0x00000176af72d210 code [0x00000176af72d480, 0x00000176af72dc48]
Event: 8.458 Thread 0x00000176be5c0880 nmethod 7049 0x00000176af72e090 code [0x00000176af72e2e0, 0x00000176af72e868]
Event: 8.458 Thread 0x00000177063125e0 7051       1       org.springframework.aop.framework.AbstractAdvisingBeanPostProcessor::postProcessAfterInitialization (218 bytes)
Event: 8.459 Thread 0x00000177063125e0 nmethod 7051 0x00000176af72ed10 code [0x00000176af72f020, 0x00000176af72fc58]
Event: 8.466 Thread 0x00000177063125e0 7052       1       java.lang.invoke.MethodType::appendParameterTypes (10 bytes)
Event: 8.466 Thread 0x00000177063125e0 nmethod 7052 0x00000176af730610 code [0x00000176af7307a0, 0x00000176af730888]
Event: 8.468 Thread 0x00000177063125e0 7054   !   1       org.springframework.beans.factory.support.AbstractAutowireCapableBeanFactory::initializeBean (93 bytes)
Event: 8.469 Thread 0x00000176be5c0880 7055       1       org.springframework.beans.factory.support.AbstractAutowireCapableBeanFactory::invokeAwareMethods (77 bytes)
Event: 8.469 Thread 0x00000176be5c0880 nmethod 7055 0x00000176af730c90 code [0x00000176af730e60, 0x00000176af731288]
Event: 8.469 Thread 0x00000176be5c0880 7056       1       org.springframework.beans.factory.support.AbstractAutowireCapableBeanFactory::invokeInitMethods (161 bytes)
Event: 8.469 Thread 0x00000177063125e0 nmethod 7054 0x00000176af731390 code [0x00000176af731580, 0x00000176af7318e8]
Event: 8.470 Thread 0x00000176be5c0880 nmethod 7056 0x00000176af731b90 code [0x00000176af731de0, 0x00000176af732598]
Event: 8.480 Thread 0x00000176be5c0880 7057       1       org.springframework.aop.scope.ScopedProxyUtils::isScopedTarget (19 bytes)
Event: 8.480 Thread 0x00000176be5c0880 nmethod 7057 0x00000176af732a90 code [0x00000176af732c20, 0x00000176af732d28]
Event: 8.480 Thread 0x00000176be5c0880 7058   !   1       jdk.proxy2.$Proxy64::annotationType (29 bytes)
Event: 8.481 Thread 0x00000176be5c0880 nmethod 7058 0x00000176af732e10 code [0x00000176af732fc0, 0x00000176af7331d8]
Event: 8.481 Thread 0x00000177063125e0 7059   !   1       jdk.proxy2.$Proxy41::annotationType (29 bytes)
Event: 8.481 Thread 0x00000177063125e0 nmethod 7059 0x00000176af733310 code [0x00000176af7334c0, 0x00000176af7336d8]

GC Heap History (20 events):
Event: 2.721 GC heap before
{Heap before GC invocations=6 (full 0):
 garbage-first heap   total 69632K, used 19399K [0x0000000706e00000, 0x0000000800000000)
  region size 2048K, 3 young (6144K), 2 survivors (4096K)
 Metaspace       used 24850K, committed 25280K, reserved 1114112K
  class space    used 3439K, committed 3648K, reserved 1048576K
}
Event: 2.724 GC heap after
{Heap after GC invocations=7 (full 0):
 garbage-first heap   total 69632K, used 17910K [0x0000000706e00000, 0x0000000800000000)
  region size 2048K, 1 young (2048K), 1 survivors (2048K)
 Metaspace       used 24850K, committed 25280K, reserved 1114112K
  class space    used 3439K, committed 3648K, reserved 1048576K
}
Event: 3.110 GC heap before
{Heap before GC invocations=7 (full 0):
 garbage-first heap   total 69632K, used 44534K [0x0000000706e00000, 0x0000000800000000)
  region size 2048K, 14 young (28672K), 1 survivors (2048K)
 Metaspace       used 28729K, committed 29184K, reserved 1114112K
  class space    used 3988K, committed 4160K, reserved 1048576K
}
Event: 3.112 GC heap after
{Heap after GC invocations=8 (full 0):
 garbage-first heap   total 69632K, used 19546K [0x0000000706e00000, 0x0000000800000000)
  region size 2048K, 2 young (4096K), 2 survivors (4096K)
 Metaspace       used 28729K, committed 29184K, reserved 1114112K
  class space    used 3988K, committed 4160K, reserved 1048576K
}
Event: 3.579 GC heap before
{Heap before GC invocations=8 (full 0):
 garbage-first heap   total 69632K, used 46170K [0x0000000706e00000, 0x0000000800000000)
  region size 2048K, 15 young (30720K), 2 survivors (4096K)
 Metaspace       used 33339K, committed 33792K, reserved 1114112K
  class space    used 4673K, committed 4928K, reserved 1048576K
}
Event: 3.583 GC heap after
{Heap after GC invocations=9 (full 0):
 garbage-first heap   total 69632K, used 20805K [0x0000000706e00000, 0x0000000800000000)
  region size 2048K, 1 young (2048K), 1 survivors (2048K)
 Metaspace       used 33339K, committed 33792K, reserved 1114112K
  class space    used 4673K, committed 4928K, reserved 1048576K
}
Event: 3.772 GC heap before
{Heap before GC invocations=9 (full 0):
 garbage-first heap   total 69632K, used 31045K [0x0000000706e00000, 0x0000000800000000)
  region size 2048K, 7 young (14336K), 1 survivors (2048K)
 Metaspace       used 35475K, committed 35968K, reserved 1114112K
  class space    used 5017K, committed 5248K, reserved 1048576K
}
Event: 3.774 GC heap after
{Heap after GC invocations=10 (full 0):
 garbage-first heap   total 69632K, used 21336K [0x0000000706e00000, 0x0000000800000000)
  region size 2048K, 1 young (2048K), 1 survivors (2048K)
 Metaspace       used 35475K, committed 35968K, reserved 1114112K
  class space    used 5017K, committed 5248K, reserved 1048576K
}
Event: 4.410 GC heap before
{Heap before GC invocations=11 (full 0):
 garbage-first heap   total 69632K, used 50008K [0x0000000706e00000, 0x0000000800000000)
  region size 2048K, 16 young (32768K), 1 survivors (2048K)
 Metaspace       used 41841K, committed 42304K, reserved 1114112K
  class space    used 5863K, committed 6080K, reserved 1048576K
}
Event: 4.412 GC heap after
{Heap after GC invocations=12 (full 0):
 garbage-first heap   total 69632K, used 23514K [0x0000000706e00000, 0x0000000800000000)
  region size 2048K, 2 young (4096K), 2 survivors (4096K)
 Metaspace       used 41841K, committed 42304K, reserved 1114112K
  class space    used 5863K, committed 6080K, reserved 1048576K
}
Event: 4.425 GC heap before
{Heap before GC invocations=12 (full 0):
 garbage-first heap   total 69632K, used 23514K [0x0000000706e00000, 0x0000000800000000)
  region size 2048K, 3 young (6144K), 2 survivors (4096K)
 Metaspace       used 41902K, committed 42368K, reserved 1114112K
  class space    used 5878K, committed 6080K, reserved 1048576K
}
Event: 4.428 GC heap after
{Heap after GC invocations=13 (full 0):
 garbage-first heap   total 69632K, used 23579K [0x0000000706e00000, 0x0000000800000000)
  region size 2048K, 1 young (2048K), 1 survivors (2048K)
 Metaspace       used 41902K, committed 42368K, reserved 1114112K
  class space    used 5878K, committed 6080K, reserved 1048576K
}
Event: 4.852 GC heap before
{Heap before GC invocations=13 (full 0):
 garbage-first heap   total 69632K, used 48155K [0x0000000706e00000, 0x0000000800000000)
  region size 2048K, 14 young (28672K), 1 survivors (2048K)
 Metaspace       used 48395K, committed 48832K, reserved 1114112K
  class space    used 6910K, committed 7104K, reserved 1048576K
}
Event: 4.854 GC heap after
{Heap after GC invocations=14 (full 0):
 garbage-first heap   total 139264K, used 24370K [0x0000000706e00000, 0x0000000800000000)
  region size 2048K, 1 young (2048K), 1 survivors (2048K)
 Metaspace       used 48395K, committed 48832K, reserved 1114112K
  class space    used 6910K, committed 7104K, reserved 1048576K
}
Event: 6.462 GC heap before
{Heap before GC invocations=14 (full 0):
 garbage-first heap   total 139264K, used 81714K [0x0000000706e00000, 0x0000000800000000)
  region size 2048K, 30 young (61440K), 1 survivors (2048K)
 Metaspace       used 59537K, committed 60096K, reserved 1114112K
  class space    used 8495K, committed 8768K, reserved 1048576K
}
Event: 6.467 GC heap after
{Heap after GC invocations=15 (full 0):
 garbage-first heap   total 139264K, used 29383K [0x0000000706e00000, 0x0000000800000000)
  region size 2048K, 4 young (8192K), 4 survivors (8192K)
 Metaspace       used 59537K, committed 60096K, reserved 1114112K
  class space    used 8495K, committed 8768K, reserved 1048576K
}
Event: 7.612 GC heap before
{Heap before GC invocations=16 (full 0):
 garbage-first heap   total 116736K, used 90823K [0x0000000706e00000, 0x0000000800000000)
  region size 2048K, 34 young (69632K), 4 survivors (8192K)
 Metaspace       used 68309K, committed 68928K, reserved 1114112K
  class space    used 9953K, committed 10240K, reserved 1048576K
}
Event: 7.617 GC heap after
{Heap after GC invocations=17 (full 0):
 garbage-first heap   total 116736K, used 35641K [0x0000000706e00000, 0x0000000800000000)
  region size 2048K, 5 young (10240K), 5 survivors (10240K)
 Metaspace       used 68309K, committed 68928K, reserved 1114112K
  class space    used 9953K, committed 10240K, reserved 1048576K
}
Event: 7.638 GC heap before
{Heap before GC invocations=17 (full 0):
 garbage-first heap   total 116736K, used 37689K [0x0000000706e00000, 0x0000000800000000)
  region size 2048K, 6 young (12288K), 5 survivors (10240K)
 Metaspace       used 68369K, committed 68992K, reserved 1114112K
  class space    used 9956K, committed 10240K, reserved 1048576K
}
Event: 7.643 GC heap after
{Heap after GC invocations=18 (full 0):
 garbage-first heap   total 116736K, used 37507K [0x0000000706e00000, 0x0000000800000000)
  region size 2048K, 1 young (2048K), 1 survivors (2048K)
 Metaspace       used 68369K, committed 68992K, reserved 1114112K
  class space    used 9956K, committed 10240K, reserved 1048576K
}

Deoptimization events (6 events):
Event: 2.701 Thread 0x00000176a71fdb10 DEOPT PACKING pc=0x00000176af078d6c sp=0x0000003edf3fcfd0
Event: 2.701 Thread 0x00000176a71fdb10 DEOPT UNPACKING pc=0x00000176aeae2b43 sp=0x0000003edf3fc488 mode 0
Event: 6.403 Thread 0x00000176a71fdb10 DEOPT PACKING pc=0x00000176aeeec052 sp=0x0000003edf3fced0
Event: 6.403 Thread 0x00000176a71fdb10 DEOPT UNPACKING pc=0x00000176aeae2b43 sp=0x0000003edf3fc3d8 mode 3
Event: 6.901 Thread 0x00000176a71fdb10 DEOPT PACKING pc=0x00000176aeee2354 sp=0x0000003edf3fc290
Event: 6.901 Thread 0x00000176a71fdb10 DEOPT UNPACKING pc=0x00000176aeae2b43 sp=0x0000003edf3fb7e8 mode 0

Classes unloaded (0 events):
No events

Classes redefined (0 events):
No events

Internal exceptions (20 events):
Event: 7.451 Thread 0x00000176a71fdb10 Exception <a 'java/lang/NoSuchMethodError'{0x000000070a458f18}: 'int java.lang.invoke.DirectMethodHandle$Holder.invokeStatic(java.lang.Object, java.lang.Object, int)'> (0x000000070a458f18) 
thrown [s\open\src\hotspot\share\interpreter\linkResolver.cpp, line 759]
Event: 7.456 Thread 0x00000176a71fdb10 Exception <a 'java/lang/IncompatibleClassChangeError'{0x000000070a4a6e00}: Found class java.lang.Object, but interface was expected> (0x000000070a4a6e00) 
thrown [s\open\src\hotspot\share\interpreter\linkResolver.cpp, line 826]
Event: 7.469 Thread 0x00000176a71fdb10 Exception <a 'java/lang/NoSuchMethodError'{0x000000070a5442b0}: 'java.lang.Object java.lang.invoke.DirectMethodHandle$Holder.invokeStatic(java.lang.Object, int, java.lang.Object)'> (0x000000070a5442b0) 
thrown [s\open\src\hotspot\share\interpreter\linkResolver.cpp, line 759]
Event: 7.473 Thread 0x00000176a71fdb10 Exception <a 'java/lang/reflect/InvocationTargetException'{0x000000070a56faa0}> (0x000000070a56faa0) 
thrown [s\open\src\hotspot\share\runtime\reflection.cpp, line 1121]
Event: 7.476 Thread 0x00000176a71fdb10 Exception <a 'java/lang/reflect/InvocationTargetException'{0x000000070a58b848}> (0x000000070a58b848) 
thrown [s\open\src\hotspot\share\runtime\reflection.cpp, line 1121]
Event: 7.482 Thread 0x00000176a71fdb10 Exception <a 'java/lang/reflect/InvocationTargetException'{0x000000070a5d3910}> (0x000000070a5d3910) 
thrown [s\open\src\hotspot\share\runtime\reflection.cpp, line 1121]
Event: 7.496 Thread 0x00000176a71fdb10 Exception <a 'java/lang/reflect/InvocationTargetException'{0x000000070a347088}> (0x000000070a347088) 
thrown [s\open\src\hotspot\share\runtime\reflection.cpp, line 1121]
Event: 7.497 Thread 0x00000176a71fdb10 Exception <a 'java/lang/reflect/InvocationTargetException'{0x000000070a3538d8}> (0x000000070a3538d8) 
thrown [s\open\src\hotspot\share\runtime\reflection.cpp, line 1121]
Event: 7.516 Thread 0x00000176a71fdb10 Exception <a 'java/lang/reflect/InvocationTargetException'{0x000000070a095658}> (0x000000070a095658) 
thrown [s\open\src\hotspot\share\runtime\reflection.cpp, line 1121]
Event: 7.518 Thread 0x00000176a71fdb10 Exception <a 'java/lang/reflect/InvocationTargetException'{0x000000070a0a3728}> (0x000000070a0a3728) 
thrown [s\open\src\hotspot\share\runtime\reflection.cpp, line 1121]
Event: 7.523 Thread 0x00000176a71fdb10 Exception <a 'java/lang/reflect/InvocationTargetException'{0x000000070a0c2ee0}> (0x000000070a0c2ee0) 
thrown [s\open\src\hotspot\share\runtime\reflection.cpp, line 1121]
Event: 7.524 Thread 0x00000176a71fdb10 Exception <a 'java/lang/reflect/InvocationTargetException'{0x000000070a0d37b0}> (0x000000070a0d37b0) 
thrown [s\open\src\hotspot\share\runtime\reflection.cpp, line 1121]
Event: 7.571 Thread 0x00000176a71fdb10 Exception <a 'java/lang/reflect/InvocationTargetException'{0x0000000709c483d0}> (0x0000000709c483d0) 
thrown [s\open\src\hotspot\share\runtime\reflection.cpp, line 1121]
Event: 7.623 Thread 0x00000176a71fdb10 Exception <a 'java/lang/reflect/InvocationTargetException'{0x000000071668d2e0}> (0x000000071668d2e0) 
thrown [s\open\src\hotspot\share\runtime\reflection.cpp, line 1121]
Event: 7.634 Thread 0x00000176a71fdb10 Exception <a 'java/lang/reflect/InvocationTargetException'{0x00000007167974c8}> (0x00000007167974c8) 
thrown [s\open\src\hotspot\share\runtime\reflection.cpp, line 1121]
Event: 7.684 Thread 0x00000176a71fdb10 Exception <a 'sun/nio/fs/WindowsException'{0x00000007167effe8}> (0x00000007167effe8) 
thrown [s\open\src\hotspot\share\prims\jni.cpp, line 516]
Event: 7.856 Thread 0x00000176a71fdb10 Exception <a 'java/io/FileNotFoundException'{0x000000070d2bf910}> (0x000000070d2bf910) 
thrown [s\open\src\hotspot\share\prims\jni.cpp, line 516]
Event: 7.857 Thread 0x00000176a71fdb10 Exception <a 'java/io/FileNotFoundException'{0x000000070d2cbc48}> (0x000000070d2cbc48) 
thrown [s\open\src\hotspot\share\prims\jni.cpp, line 516]
Event: 8.278 Thread 0x00000176a71fdb10 Exception <a 'java/lang/IncompatibleClassChangeError'{0x000000070c5a4b68}: Found class java.lang.Object, but interface was expected> (0x000000070c5a4b68) 
thrown [s\open\src\hotspot\share\interpreter\linkResolver.cpp, line 826]
Event: 8.466 Thread 0x00000176a71fdb10 Exception <a 'java/lang/NoSuchMethodError'{0x000000070bfdad98}: 'void java.lang.invoke.DirectMethodHandle$Holder.invokeVirtual(java.lang.Object, java.lang.Object, long)'> (0x000000070bfdad98) 
thrown [s\open\src\hotspot\share\interpreter\linkResolver.cpp, line 759]

VM Operations (20 events):
Event: 7.368 Executing VM operation: HandshakeAllThreads
Event: 7.368 Executing VM operation: HandshakeAllThreads done
Event: 7.408 Executing VM operation: HandshakeAllThreads
Event: 7.408 Executing VM operation: HandshakeAllThreads done
Event: 7.408 Executing VM operation: HandshakeAllThreads
Event: 7.408 Executing VM operation: HandshakeAllThreads done
Event: 7.522 Executing VM operation: HandshakeAllThreads
Event: 7.522 Executing VM operation: HandshakeAllThreads done
Event: 7.611 Executing VM operation: G1CollectForAllocation
Event: 7.617 Executing VM operation: G1CollectForAllocation done
Event: 7.638 Executing VM operation: G1CollectForAllocation
Event: 7.643 Executing VM operation: G1CollectForAllocation done
Event: 7.655 Executing VM operation: HandshakeAllThreads
Event: 7.655 Executing VM operation: HandshakeAllThreads done
Event: 8.238 Executing VM operation: HandshakeAllThreads
Event: 8.238 Executing VM operation: HandshakeAllThreads done
Event: 8.239 Executing VM operation: HandshakeAllThreads
Event: 8.239 Executing VM operation: HandshakeAllThreads done
Event: 8.496 Executing VM operation: HandshakeAllThreads
Event: 8.496 Executing VM operation: HandshakeAllThreads done

Events (20 events):
Event: 7.539 loading class java/lang/invoke/MethodHandleImpl$CountingWrapper$1
Event: 7.539 loading class java/lang/invoke/MethodHandleImpl$CountingWrapper$1 done
Event: 7.547 loading class sun/reflect/ReflectionFactory
Event: 7.547 loading class sun/reflect/ReflectionFactory done
Event: 7.547 loading class sun/reflect/ReflectionFactory$1
Event: 7.547 loading class sun/reflect/ReflectionFactory$1 done
Event: 7.547 loading class java/io/OptionalDataException
Event: 7.548 loading class java/io/OptionalDataException done
Event: 7.624 Thread 0x0000017705c83350 Thread added: 0x0000017705c83350
Event: 7.631 Thread 0x0000017705c83350 Thread exited: 0x0000017705c83350
Event: 7.708 loading class java/util/EnumMap$EntrySet
Event: 7.708 loading class java/util/EnumMap$EntrySet done
Event: 7.708 loading class java/util/EnumMap$EntryIterator
Event: 7.708 loading class java/util/EnumMap$EnumMapIterator
Event: 7.708 loading class java/util/EnumMap$EnumMapIterator done
Event: 7.708 loading class java/util/EnumMap$EntryIterator done
Event: 8.135 Thread 0x0000017705c80ad0 Thread added: 0x0000017705c80ad0
Event: 8.153 Thread 0x0000017705c80ad0 Thread exited: 0x0000017705c80ad0
Event: 8.219 loading class java/util/Comparators$NullComparator
Event: 8.219 loading class java/util/Comparators$NullComparator done


Dynamic libraries:
0x00007ff79ecb0000 - 0x00007ff79ecc0000 	C:\Program Files\Java\jdk-17\bin\java.exe
0x00007ffa18490000 - 0x00007ffa186a7000 	C:\Windows\SYSTEM32\ntdll.dll
0x00007ffa16b40000 - 0x00007ffa16c04000 	C:\Windows\System32\KERNEL32.DLL
0x00007ffa15d40000 - 0x00007ffa16112000 	C:\Windows\System32\KERNELBASE.dll
0x00007ffa15b00000 - 0x00007ffa15c11000 	C:\Windows\System32\ucrtbase.dll
0x00007ff9cef10000 - 0x00007ff9cef2b000 	C:\Program Files\Java\jdk-17\bin\VCRUNTIME140.dll
0x00007ff9e9a50000 - 0x00007ff9e9a69000 	C:\Program Files\Java\jdk-17\bin\jli.dll
0x00007ffa16a70000 - 0x00007ffa16b21000 	C:\Windows\System32\ADVAPI32.dll
0x00007ffa168b0000 - 0x00007ffa16957000 	C:\Windows\System32\msvcrt.dll
0x00007ffa18240000 - 0x00007ffa182e8000 	C:\Windows\System32\sechost.dll
0x00007ffa15aa0000 - 0x00007ffa15ac8000 	C:\Windows\System32\bcrypt.dll
0x00007ffa162f0000 - 0x00007ffa16404000 	C:\Windows\System32\RPCRT4.dll
0x00007ffa17cd0000 - 0x00007ffa17e81000 	C:\Windows\System32\USER32.dll
0x00007ffa15ad0000 - 0x00007ffa15af6000 	C:\Windows\System32\win32u.dll
0x00007ffa16120000 - 0x00007ffa16149000 	C:\Windows\System32\GDI32.dll
0x00007ffa15830000 - 0x00007ffa15953000 	C:\Windows\System32\gdi32full.dll
0x00007ffa15c20000 - 0x00007ffa15cba000 	C:\Windows\System32\msvcp_win.dll
0x00007ff9fd450000 - 0x00007ff9fd6eb000 	C:\Windows\WinSxS\amd64_microsoft.windows.common-controls_6595b64144ccf1df_6.0.22621.5547_none_27104afb73855772\COMCTL32.dll
0x00007ff9fea10000 - 0x00007ff9fea1a000 	C:\Windows\SYSTEM32\VERSION.dll
0x00007ffa16870000 - 0x00007ffa168a1000 	C:\Windows\System32\IMM32.DLL
0x00007ffa0ce40000 - 0x00007ffa0ce4c000 	C:\Program Files\Java\jdk-17\bin\vcruntime140_1.dll
0x00007ff9ca4c0000 - 0x00007ff9ca54e000 	C:\Program Files\Java\jdk-17\bin\msvcp140.dll
0x00007ff9c79b0000 - 0x00007ff9c858f000 	C:\Program Files\Java\jdk-17\bin\server\jvm.dll
0x00007ffa18230000 - 0x00007ffa18238000 	C:\Windows\System32\PSAPI.DLL
0x00007ff9cef00000 - 0x00007ff9cef09000 	C:\Windows\SYSTEM32\WSOCK32.dll
0x00007ffa183d0000 - 0x00007ffa18441000 	C:\Windows\System32\WS2_32.dll
0x00007ffa0f9a0000 - 0x00007ffa0f9d4000 	C:\Windows\SYSTEM32\WINMM.dll
0x00007ffa146a0000 - 0x00007ffa146b8000 	C:\Windows\SYSTEM32\kernel.appcore.dll
0x00007ff9ceef0000 - 0x00007ff9ceefa000 	C:\Program Files\Java\jdk-17\bin\jimage.dll
0x00007ffa12790000 - 0x00007ffa129c3000 	C:\Windows\SYSTEM32\DBGHELP.DLL
0x00007ffa17e90000 - 0x00007ffa18223000 	C:\Windows\System32\combase.dll
0x00007ffa165f0000 - 0x00007ffa166c7000 	C:\Windows\System32\OLEAUT32.dll
0x00007ffa07110000 - 0x00007ffa07142000 	C:\Windows\SYSTEM32\dbgcore.DLL
0x00007ffa15cc0000 - 0x00007ffa15d3b000 	C:\Windows\System32\bcryptPrimitives.dll
0x00007ffa0cd40000 - 0x00007ffa0cd4e000 	C:\Program Files\Java\jdk-17\bin\instrument.dll
0x00007ff9ca490000 - 0x00007ff9ca4b5000 	C:\Program Files\Java\jdk-17\bin\java.dll
0x00007ff9c8db0000 - 0x00007ff9c8e87000 	C:\Program Files\Java\jdk-17\bin\jsvml.dll
0x00007ffa16f90000 - 0x00007ffa17832000 	C:\Windows\System32\SHELL32.dll
0x00007ffa15960000 - 0x00007ffa15a9f000 	C:\Windows\System32\wintypes.dll
0x00007ffa13470000 - 0x00007ffa13d8d000 	C:\Windows\SYSTEM32\windows.storage.dll
0x00007ffa166d0000 - 0x00007ffa167dc000 	C:\Windows\System32\SHCORE.dll
0x00007ffa182f0000 - 0x00007ffa18359000 	C:\Windows\System32\shlwapi.dll
0x00007ffa154b0000 - 0x00007ffa154db000 	C:\Windows\SYSTEM32\profapi.dll
0x00007ff9c8d70000 - 0x00007ff9c8d88000 	C:\Program Files\Java\jdk-17\bin\zip.dll
0x00007ff9ca470000 - 0x00007ff9ca489000 	C:\Program Files\Java\jdk-17\bin\net.dll
0x00007ffa114e0000 - 0x00007ffa1160c000 	C:\Windows\SYSTEM32\WINHTTP.dll
0x00007ffa14b20000 - 0x00007ffa14b89000 	C:\Windows\system32\mswsock.dll
0x00007ff9c8d90000 - 0x00007ff9c8da6000 	C:\Program Files\Java\jdk-17\bin\nio.dll
0x00007ffa140d0000 - 0x00007ffa141c8000 	C:\Windows\SYSTEM32\DNSAPI.dll
0x00007ffa140a0000 - 0x00007ffa140cd000 	C:\Windows\SYSTEM32\IPHLPAPI.DLL
0x00007ffa16b30000 - 0x00007ffa16b39000 	C:\Windows\System32\NSI.dll
0x00007ffa0f970000 - 0x00007ffa0f97a000 	C:\Windows\System32\rasadhlp.dll
0x00007ffa0fcd0000 - 0x00007ffa0fd54000 	C:\Windows\System32\fwpuclnt.dll
0x00007ffa07a50000 - 0x00007ffa07a5a000 	C:\Program Files\Java\jdk-17\bin\management.dll
0x00007ffa07a40000 - 0x00007ffa07a4b000 	C:\Program Files\Java\jdk-17\bin\management_ext.dll
0x00007ffa14d70000 - 0x00007ffa14d8b000 	C:\Windows\SYSTEM32\CRYPTSP.dll
0x00007ffa14600000 - 0x00007ffa14637000 	C:\Windows\system32\rsaenh.dll
0x00007ffa14c10000 - 0x00007ffa14c38000 	C:\Windows\SYSTEM32\USERENV.dll
0x00007ffa14d90000 - 0x00007ffa14d9c000 	C:\Windows\SYSTEM32\CRYPTBASE.dll
0x00007ffa11120000 - 0x00007ffa11139000 	C:\Windows\SYSTEM32\dhcpcsvc6.DLL
0x00007ffa11100000 - 0x00007ffa1111f000 	C:\Windows\SYSTEM32\dhcpcsvc.DLL
0x00007ff9e8760000 - 0x00007ff9e8777000 	C:\Windows\system32\napinsp.dll
0x00007ff9e8740000 - 0x00007ff9e875b000 	C:\Windows\system32\pnrpnsp.dll
0x00007ff9e8720000 - 0x00007ff9e8731000 	C:\Windows\System32\winrnr.dll
0x00007ffa0f980000 - 0x00007ffa0f99f000 	C:\Windows\system32\wshbth.dll
0x00007ff9e86f0000 - 0x00007ff9e8711000 	C:\Windows\system32\nlansp_c.dll
0x00007ffa0c3e0000 - 0x00007ffa0c3f0000 	C:\Program Files\Java\jdk-17\bin\verify.dll
0x00007ff9f0e50000 - 0x00007ff9f0ea0000 	C:\Windows\SYSTEM32\pdh.dll
0x00007ff9fff40000 - 0x00007ff9fff4e000 	C:\Program Files\Java\jdk-17\bin\sunmscapi.dll
0x00007ffa15640000 - 0x00007ffa157a7000 	C:\Windows\System32\CRYPT32.dll
0x00007ffa14f30000 - 0x00007ffa14f5d000 	C:\Windows\SYSTEM32\ncrypt.dll
0x00007ffa14ef0000 - 0x00007ffa14f27000 	C:\Windows\SYSTEM32\NTASN1.dll
0x00007ffa0f0e0000 - 0x00007ffa0f0f1000 	C:\Windows\System32\perfproc.dll
0x00007ff9fd930000 - 0x00007ff9fd940000 	C:\Windows\System32\perfos.dll
0x00007ffa12dd0000 - 0x00007ffa12de0000 	C:\Windows\SYSTEM32\pfclient.dll

dbghelp: loaded successfully - version: 4.0.5 - missing functions: none
symbol engine: initialized successfully - sym options: 0x614 - pdb path: .;C:\Program Files\Java\jdk-17\bin;C:\Windows\SYSTEM32;C:\Windows\WinSxS\amd64_microsoft.windows.common-controls_6595b64144ccf1df_6.0.22621.5547_none_27104afb73855772;C:\Program Files\Java\jdk-17\bin\server

VM Arguments:
jvm_args: -XX:TieredStopAtLevel=1 -Dspring.output.ansi.enabled=always -Dcom.sun.management.jmxremote -Dspring.jmx.enabled=true -Dspring.liveBeansView.mbeanDomain -Dspring.application.admin.enabled=true -Dmanagement.endpoints.jmx.exposure.include=* -javaagent:C:\Program Files\JetBrains\IntelliJ IDEA 2025.1.1.1\lib\idea_rt.jar=55700 -Dfile.encoding=UTF-8 
java_command: com.kkh.shop_1.Shop1Application
java_class_path (initial): C:\Users\82107\Downloads\Shop1\Back-end\shop-1\shop-1\shop-1\build\classes\java\main;C:\Users\82107\Downloads\Shop1\Back-end\shop-1\shop-1\shop-1\build\resources\main;C:\Users\82107\.gradle\caches\modules-2\files-2.1\org.projectlombok\lombok\1.18.32\17d46b3e205515e1e8efd3ee4d57ce8018914163\lombok-1.18.32.jar;C:\Users\82107\.gradle\caches\modules-2\files-2.1\org.springframework.boot\spring-boot-starter-web\3.2.5\664d75553c6af42122d4db645f4924a95084e382\spring-boot-starter-web-3.2.5.jar;C:\Users\82107\.gradle\caches\modules-2\files-2.1\org.springframework.boot\spring-boot-starter-data-jpa\3.2.5\99c1272c135f1c44b0c94ed0b65dca9b201323b7\spring-boot-starter-data-jpa-3.2.5.jar;C:\Users\82107\.gradle\caches\modules-2\files-2.1\org.springframework.boot\spring-boot-starter-security\3.2.5\8ce0f176dfcf9a0b3b5d76babd971057f009961d\spring-boot-starter-security-3.2.5.jar;C:\Users\82107\.gradle\caches\modules-2\files-2.1\io.jsonwebtoken\jjwt-api\0.11.5\f742940045619d06383e7df37b21ac422b476cf1\jjwt-api-0.11.5.jar;C:\Users\82107\.gradle\caches\modules-2\files-2.1\com.amazonaws\aws-java-sdk-s3\1.12.700\d8b81e853743b77ef7730f88b0c5cb8c1f2539bd\aws-java-sdk-s3-1.12.700.jar;C:\Users\82107\.gradle\caches\modules-2\files-2.1\com.fasterxml.jackson.core\jackson-databind\2.15.4\560309fc381f77d4d15c4a4cdaa0db5025c4fd13\jackson-databind-2.15.4.jar;C:\Users\82107\.gradle\caches\modules-2\files-2.1\org.apache.tika\tika-core\2.9.1\bfd572826e7023dd6ceeefe1b4d0f6d3d8eef507\tika-core-2.9.1.jar;C:\Users\82107\.gradle\caches\modules-2\files-2.1\org.springframework.boot\spring-boot-starter-mail\3.2.5\19fbf3b0760caef5ae64d499161121b7969ba2b6\spring-boot-starter-mail-3.2.5.jar;C:\Users\82107\.gradle\caches\modules-2\files-2.1\org.springframework.boot\spring-boot-starter-json\3.2.5\6df311af4c242eb95c3526f48ab4f31c384a247e\spring-boot-starter-json-3.2.5.jar;C:\Users\82107\.gradle\caches\modules-2\files-2.1\org.springframework.boot\spring-boot-starter\3.2.5\a9837a876129cc6fe5f3a
Launcher Type: SUN_STANDARD

[Global flags]
     intx CICompilerCount                          = 12                                        {product} {ergonomic}
     uint ConcGCThreads                            = 3                                         {product} {ergonomic}
     uint G1ConcRefinementThreads                  = 13                                        {product} {ergonomic}
   size_t G1HeapRegionSize                         = 2097152                                   {product} {ergonomic}
    uintx GCDrainStackTargetSize                   = 64                                        {product} {ergonomic}
   size_t InitialHeapSize                          = 262144000                                 {product} {ergonomic}
     bool ManagementServer                         = true                                      {product} {command line}
   size_t MarkStackSize                            = 4194304                                   {product} {ergonomic}
   size_t MaxHeapSize                              = 4179623936                                {product} {ergonomic}
   size_t MaxNewSize                               = 2506096640                                {product} {ergonomic}
   size_t MinHeapDeltaBytes                        = 2097152                                   {product} {ergonomic}
   size_t MinHeapSize                              = 8388608                                   {product} {ergonomic}
    uintx NonProfiledCodeHeapSize                  = 0                                      {pd product} {ergonomic}
     bool ProfileInterpreter                       = false                                  {pd product} {command line}
    uintx ProfiledCodeHeapSize                     = 0                                      {pd product} {ergonomic}
   size_t SoftMaxHeapSize                          = 4179623936                             {manageable} {ergonomic}
     intx TieredStopAtLevel                        = 1                                         {product} {command line}
     bool UseCompressedClassPointers               = true                           {product lp64_product} {ergonomic}
     bool UseCompressedOops                        = true                           {product lp64_product} {ergonomic}
     bool UseG1GC                                  = true                                      {product} {ergonomic}
     bool UseLargePagesIndividualAllocation        = false                                  {pd product} {ergonomic}

Logging:
Log output configuration:
 #0: stdout all=warning uptime,level,tags
 #1: stderr all=off uptime,level,tags

Environment Variables:
JAVA_HOME=C:\Program Files\Java\jdk-17
PATH=C:\Python314\Scripts\;C:\Python314\;C:\Program Files\Common Files\Oracle\Java\javapath;C:\Windows\system32;C:\Windows;C:\Windows\System32\Wbem;C:\Windows\System32\WindowsPowerShell\v1.0\;C:\Windows\System32\OpenSSH\;C:\Program Files\Bandizip\;C:\ProgramData\chocolatey\bin;C:\Program Files\dotnet\;C:\Program Files (x86)\Windows Kits\10\Windows Performance Toolkit\;C:\Program Files\Git\cmd;C:\Program Files\Git LFS;C:\Program Files\Java\jdk-17\bin;;C:\Program Files\Redis\;C:\Program Files (x86)\PuTTY\;C:\Program Files\nodejs\;C:\Program Files\Docker\Docker\resources\bin;C:\Users\82107\AppData\Local\Programs\Python\Python39\Scripts\;C:\Users\82107\AppData\Local\Programs\Python\Python39\;C:\Users\82107\AppData\Local\Microsoft\WindowsApps;C:\Users\82107\AppData\Local\afreeca;C:\Users\82107\AppData\Local\Programs\Microsoft VS Code\bin;C:\Users\82107\.dotnet\tools;C:\Program Files\JetBrains\IntelliJ IDEA Community Edition 2023.3.3\bin;C:\Program Files\JetBrains\IntelliJ IDEA 2025.1.1.1\bin;;C:\Users\82107\AppData\Local\Programs\Python\Python312\Scripts;C:\Users\82107\AppData\Local\Programs\Python\Python312;C:\Users\82107\AppData\Roaming\npm
USERNAME=82107
OS=Windows_NT
PROCESSOR_IDENTIFIER=Intel64 Family 6 Model 186 Stepping 2, GenuineIntel



---------------  S Y S T E M  ---------------

OS:
 Windows 11 , 64 bit Build 22621 (10.0.22621.5415)
OS uptime: 0 days 4:09 hours
Hyper-V role detected

CPU: total 16 (initial active 16) (8 cores per cpu, 2 threads per core) family 6 model 186 stepping 2 microcode 0x410e, cx8, cmov, fxsr, ht, mmx, 3dnowpref, sse, sse2, sse3, ssse3, sse4.1, sse4.2, popcnt, lzcnt, tsc, tscinvbit, avx, avx2, aes, erms, clmul, bmi1, bmi2, adx, sha, fma, vzeroupper, clflush, clflushopt, clwb, hv

Memory: 4k page, system-wide physical 15943M (386M free)
TotalPageFile size 22279M (AvailPageFile size 235M)
current process WorkingSet (physical memory assigned to process): 277M, peak: 277M
current process commit charge ("private bytes"): 330M, peak: 392M

vm_info: Java HotSpot(TM) 64-Bit Server VM (17.0.10+11-LTS-240) for windows-amd64 JRE (17.0.10+11-LTS-240), built on Dec 19 2023 21:47:25 by "mach5one" with MS VC++ 17.1 (VS2022)

END.
